Determining if the pthread_create exist failed with the following output:
Change Dir: /home/ricardo/PUCRS/ppe/cpp_threads/cmake-build-debug/CMakeFiles/CMakeTmp

Run Build Command:"/usr/bin/make" "cmTC_34721/fast"
/usr/bin/make -f CMakeFiles/cmTC_34721.dir/build.make CMakeFiles/cmTC_34721.dir/build
make[1]: Entering directory '/home/ricardo/PUCRS/ppe/cpp_threads/cmake-build-debug/CMakeFiles/CMakeTmp'
Building C object CMakeFiles/cmTC_34721.dir/CheckSymbolExists.c.o
/usr/bin/cc    -o CMakeFiles/cmTC_34721.dir/CheckSymbolExists.c.o   -c /home/ricardo/PUCRS/ppe/cpp_threads/cmake-build-debug/CMakeFiles/CMakeTmp/CheckSymbolExists.c
Linking C executable cmTC_34721
/home/ricardo/Tools/CLion-2018.2.1/clion-2018.2.1/bin/cmake/linux/bin/cmake -E cmake_link_script CMakeFiles/cmTC_34721.dir/link.txt --verbose=1
/usr/bin/cc      CMakeFiles/cmTC_34721.dir/CheckSymbolExists.c.o  -o cmTC_34721 
CMakeFiles/cmTC_34721.dir/CheckSymbolExists.c.o: In function `main':
CheckSymbolExists.c:(.text+0x1b): undefined reference to `pthread_create'
collect2: error: ld returned 1 exit status
CMakeFiles/cmTC_34721.dir/build.make:86: recipe for target 'cmTC_34721' failed
make[1]: *** [cmTC_34721] Error 1
make[1]: Leaving directory '/home/ricardo/PUCRS/ppe/cpp_threads/cmake-build-debug/CMakeFiles/CMakeTmp'
Makefile:121: recipe for target 'cmTC_34721/fast' failed
make: *** [cmTC_34721/fast] Error 2

File /home/ricardo/PUCRS/ppe/cpp_threads/cmake-build-debug/CMakeFiles/CMakeTmp/CheckSymbolExists.c:
/* */
#include <pthread.h>

int main(int argc, char** argv)
{
  (void)argv;
#ifndef pthread_create
  return ((int*)(&pthread_create))[argc];
#else
  (void)argc;
  return 0;
#endif
}

Determining if the function pthread_create exists in the pthreads failed with the following output:
Change Dir: /home/ricardo/PUCRS/ppe/cpp_threads/cmake-build-debug/CMakeFiles/CMakeTmp

Run Build Command:"/usr/bin/make" "cmTC_489fa/fast"
/usr/bin/make -f CMakeFiles/cmTC_489fa.dir/build.make CMakeFiles/cmTC_489fa.dir/build
make[1]: Entering directory '/home/ricardo/PUCRS/ppe/cpp_threads/cmake-build-debug/CMakeFiles/CMakeTmp'
Building C object CMakeFiles/cmTC_489fa.dir/CheckFunctionExists.c.o
/usr/bin/cc   -DCHECK_FUNCTION_EXISTS=pthread_create   -o CMakeFiles/cmTC_489fa.dir/CheckFunctionExists.c.o   -c /home/ricardo/Tools/CLion-2018.2.1/clion-2018.2.1/bin/cmake/linux/share/cmake-3.12/Modules/CheckFunctionExists.c
Linking C executable cmTC_489fa
/home/ricardo/Tools/CLion-2018.2.1/clion-2018.2.1/bin/cmake/linux/bin/cmake -E cmake_link_script CMakeFiles/cmTC_489fa.dir/link.txt --verbose=1
/usr/bin/cc  -DCHECK_FUNCTION_EXISTS=pthread_create    CMakeFiles/cmTC_489fa.dir/CheckFunctionExists.c.o  -o cmTC_489fa -lpthreads 
/usr/bin/ld: cannot find -lpthreads
collect2: error: ld returned 1 exit status
CMakeFiles/cmTC_489fa.dir/build.make:86: recipe for target 'cmTC_489fa' failed
make[1]: *** [cmTC_489fa] Error 1
make[1]: Leaving directory '/home/ricardo/PUCRS/ppe/cpp_threads/cmake-build-debug/CMakeFiles/CMakeTmp'
Makefile:121: recipe for target 'cmTC_489fa/fast' failed
make: *** [cmTC_489fa/fast] Error 2


